> Executing task: loadp2 -b230400 isp_measure_panel.binary -t -p/dev/ttyUSB0 <

( Entering terminal mode.  Press Ctrl-] or Ctrl-Z to exit. )

Measure Panel Started!

Start()
Setup...
 - Freq1: 335000000
 - Tix: 271
ID Slave...
 - sensor0: Found SLAVE0
 - sensor1: Found SLAVE0
 - sensor2: Found SLAVE0
power-on sensor #0
 - Power-on #0 worked
power-on sensor #1
 - Power-on #1 worked
power-on sensor #2
 - Power-on #2 worked
Pattern, Color, Bits, Count, LumenAvg, Lumen0, Lumen1, Lumen2
justified, Red, 0b0000000000000000, 3 of 3, 0, 0, 0, 0
justified, Red, 0b0000000000000001, 3 of 3, 74, 75, 74, 74
justified, Red, 0b0000000000000011, 3 of 3, 151, 154, 146, 155
justified, Red, 0b0000000000000111, 3 of 3, 229, 232, 220, 235
justified, Red, 0b0000000000001111, 3 of 3, 307, 310, 293, 320
justified, Red, 0b0000000000011111, 3 of 3, 381, 388, 366, 390
justified, Red, 0b0000000000111111, 3 of 3, 459, 467, 439, 473
justified, Red, 0b0000000001111111, 3 of 3, 536, 545, 514, 551
justified, Red, 0b0000000011111111, 3 of 3, 612, 623, 585, 629
justified, Red, 0b0000000111111111, 3 of 3, 689, 700, 660, 708
justified, Red, 0b0000001111111111, 3 of 3, 767, 780, 732, 790
justified, Red, 0b0000011111111111, 3 of 3, 844, 858, 806, 868
justified, Red, 0b0000111111111111, 3 of 3, 919, 935, 878, 944
justified, Red, 0b0001111111111111, 3 of 3, 996, 1013, 952, 1024
justified, Red, 0b0011111111111111, 3 of 3, 1073, 1091, 1025, 1105
justified, Red, 0b0111111111111111, 3 of 3, 1149, 1168, 1097, 1184

justified, Green, 0b0000000000000000, 3 of 3, 0, 0, 0, 0
justified, Green, 0b0000000000000001, 3 of 3, 126, 130, 122, 126
justified, Green, 0b0000000000000011, 3 of 3, 253, 263, 245, 252
justified, Green, 0b0000000000000111, 3 of 3, 383, 398, 368, 384
justified, Green, 0b0000000000001111, 3 of 3, 509, 529, 490, 510
justified, Green, 0b0000000000011111, 3 of 3, 642, 665, 616, 645
justified, Green, 0b0000000000111111, 3 of 3, 767, 795, 736, 772
justified, Green, 0b0000000001111111, 3 of 3, 897, 930, 860, 902
justified, Green, 0b0000000011111111, 3 of 3, 1024, 1062, 980, 1030
justified, Green, 0b0000000111111111, 3 of 3, 1152, 1196, 1105, 1156
justified, Green, 0b0000001111111111, 3 of 3, 1284, 1330, 1230, 1294
justified, Green, 0b0000011111111111, 3 of 3, 1410, 1463, 1349, 1419
justified, Green, 0b0000111111111111, 3 of 3, 1539, 1595, 1475, 1547
justified, Green, 0b0001111111111111, 3 of 3, 1668, 1730, 1597, 1677
justified, Green, 0b0011111111111111, 3 of 3, 1798, 1863, 1719, 1813
justified, Green, 0b0111111111111111, 3 of 3, 1924, 1995, 1842, 1937

justified, Blue, 0b0000000000000000, 3 of 3, 0, 0, 0, 0
justified, Blue, 0b0000000000000001, 3 of 3, 30, 30, 31, 30
justified, Blue, 0b0000000000000011, 3 of 3, 63, 64, 63, 63
justified, Blue, 0b0000000000000111, 3 of 3, 96, 97, 95, 96
justified, Blue, 0b0000000000001111, 3 of 3, 130, 132, 126, 134
justified, Blue, 0b0000000000011111, 3 of 3, 162, 165, 157, 166
justified, Blue, 0b0000000000111111, 3 of 3, 196, 199, 190, 199
justified, Blue, 0b0000000001111111, 3 of 3, 229, 233, 220, 236
justified, Blue, 0b0000000011111111, 3 of 3, 263, 267, 253, 270
justified, Blue, 0b0000000111111111, 3 of 3, 295, 300, 284, 301
justified, Blue, 0b0000001111111111, 3 of 3, 330, 335, 317, 339
justified, Blue, 0b0000011111111111, 3 of 3, 362, 369, 347, 372
justified, Blue, 0b0000111111111111, 3 of 3, 395, 401, 380, 405
justified, Blue, 0b0001111111111111, 3 of 3, 429, 436, 411, 442
justified, Blue, 0b0011111111111111, 3 of 3, 462, 470, 442, 475
justified, Blue, 0b0111111111111111, 3 of 3, 495, 503, 475, 508

justified, White, 0b0000000000000000, 3 of 3, 0, 0, 0, 0
justified, White, 0b0000000000000001, 3 of 3, 237, 242, 230, 240
justified, White, 0b0000000000000011, 3 of 3, 474, 486, 455, 482
justified, White, 0b0000000000000111, 3 of 3, 713, 731, 684, 724
justified, White, 0b0000000000001111, 3 of 3, 952, 977, 910, 970
justified, White, 0b0000000000011111, 3 of 3, 1187, 1221, 1136, 1206
justified, White, 0b0000000000111111, 3 of 3, 1430, 1468, 1370, 1454
justified, White, 0b0000000001111111, 3 of 3, 1665, 1712, 1591, 1694
justified, White, 0b0000000011111111, 3 of 3, 1903, 1956, 1820, 1935
justified, White, 0b0000000111111111, 3 of 3, 2145, 2201, 2050, 2184
justified, White, 0b0000001111111111, 3 of 3, 2379, 2447, 2271, 2420
justified, White, 0b0000011111111111, 3 of 3, 2620, 2690, 2504, 2666
justified, White, 0b0000111111111111, 3 of 3, 2858, 2935, 2730, 2910
justified, White, 0b0001111111111111, 3 of 3, 3093, 3179, 2955, 3146
justified, White, 0b0011111111111111, 3 of 3, 3331, 3424, 3184, 3387
justified, White, 0b0111111111111111, 3 of 3, 3570, 3667, 3410, 3633

spread, Red, 0b0000000000000000, 3 of 3, 0, 0, 0, 0
spread, Red, 0b0000000000000001, 3 of 3, 73, 75, 73, 73
spread, Red, 0b0000000100000001, 3 of 3, 151, 153, 145, 155
spread, Red, 0b0000010000100001, 3 of 3, 228, 231, 219, 235
spread, Red, 0b0001000100010001, 3 of 3, 307, 309, 293, 320
spread, Red, 0b0010010001001001, 3 of 3, 380, 387, 365, 390
spread, Red, 0b0010010100100101, 3 of 3, 457, 465, 438, 470
spread, Red, 0b0101010010100101, 3 of 3, 535, 544, 512, 551
spread, Red, 0b0101010101010101, 3 of 3, 610, 620, 584, 626
spread, Red, 0b0101010111010101, 3 of 3, 687, 699, 656, 706
spread, Red, 0b0101110101011101, 3 of 3, 763, 776, 730, 785
spread, Red, 0b0101110111011101, 3 of 3, 840, 854, 802, 866
spread, Red, 0b1101110111011101, 3 of 3, 915, 930, 874, 941
spread, Red, 0b1101110111111101, 3 of 3, 992, 1009, 947, 1020
spread, Red, 0b1111110111111101, 3 of 3, 1068, 1085, 1019, 1100
spread, Red, 0b1101111111111111, 3 of 3, 1144, 1162, 1090, 1180

spread, Green, 0b0000000000000000, 3 of 3, 0, 0, 0, 0
spread, Green, 0b0000000000000001, 3 of 3, 126, 130, 122, 127
spread, Green, 0b0000000100000001, 3 of 3, 254, 263, 245, 255
spread, Green, 0b0000010000100001, 3 of 3, 382, 396, 368, 384
spread, Green, 0b0001000100010001, 3 of 3, 511, 533, 490, 511
spread, Green, 0b0010010001001001, 3 of 3, 640, 663, 614, 645
spread, Green, 0b0010010100100101, 3 of 3, 768, 795, 738, 773
spread, Green, 0b0101010010100101, 3 of 3, 896, 929, 860, 901
spread, Green, 0b0101010101010101, 3 of 3, 1024, 1062, 982, 1030
spread, Green, 0b0101010111010101, 3 of 3, 1153, 1197, 1105, 1158
spread, Green, 0b0101110101011101, 3 of 3, 1283, 1330, 1229, 1291
spread, Green, 0b0101110111011101, 3 of 3, 1411, 1463, 1351, 1420
spread, Green, 0b1101110111011101, 3 of 3, 1539, 1595, 1474, 1548
spread, Green, 0b1101110111111101, 3 of 3, 1667, 1730, 1596, 1675
spread, Green, 0b1111110111111101, 3 of 3, 1798, 1862, 1720, 1813
spread, Green, 0b1101111111111111, 3 of 3, 1924, 1995, 1840, 1938

spread, Blue, 0b0000000000000000, 3 of 3, 0, 0, 0, 0
spread, Blue, 0b0000000000000001, 3 of 3, 30, 30, 31, 31
spread, Blue, 0b0000000100000001, 3 of 3, 64, 64, 64, 64
spread, Blue, 0b0000010000100001, 3 of 3, 96, 97, 95, 96
spread, Blue, 0b0001000100010001, 3 of 3, 130, 132, 126, 134
spread, Blue, 0b0010010001001001, 3 of 3, 163, 165, 158, 166
spread, Blue, 0b0010010100100101, 3 of 3, 196, 199, 190, 200
spread, Blue, 0b0101010010100101, 3 of 3, 230, 234, 221, 237
spread, Blue, 0b0101010101010101, 3 of 3, 263, 267, 253, 270
spread, Blue, 0b0101010111010101, 3 of 3, 296, 300, 285, 303
spread, Blue, 0b0101110101011101, 3 of 3, 330, 335, 317, 340
spread, Blue, 0b0101110111011101, 3 of 3, 363, 369, 348, 373
spread, Blue, 0b1101110111011101, 3 of 3, 395, 402, 380, 405
spread, Blue, 0b1101110111111101, 3 of 3, 430, 437, 412, 443
spread, Blue, 0b1111110111111101, 3 of 3, 462, 470, 443, 475
spread, Blue, 0b1101111111111111, 3 of 3, 496, 504, 475, 509

spread, White, 0b0000000000000000, 3 of 3, 0, 0, 0, 0
spread, White, 0b0000000000000001, 3 of 3, 235, 242, 226, 239
spread, White, 0b0000000100000001, 3 of 3, 474, 488, 454, 480
spread, White, 0b0000010000100001, 3 of 3, 711, 730, 683, 721
spread, White, 0b0001000100010001, 3 of 3, 951, 978, 909, 967
spread, White, 0b0010010001001001, 3 of 3, 1189, 1220, 1139, 1209
spread, White, 0b0010010100100101, 3 of 3, 1426, 1465, 1365, 1450
spread, White, 0b0101010010100101, 3 of 3, 1664, 1710, 1591, 1692
spread, White, 0b0101010101010101, 3 of 3, 1903, 1954, 1819, 1937
spread, White, 0b0101010111010101, 3 of 3, 2139, 2197, 2045, 2175
spread, White, 0b0101110101011101, 3 of 3, 2377, 2442, 2272, 2417
spread, White, 0b0101110111011101, 3 of 3, 2617, 2688, 2498, 2666
spread, White, 0b1101110111011101, 3 of 3, 2854, 2931, 2726, 2905
spread, White, 0b1101110111111101, 3 of 3, 3090, 3173, 2954, 3144
spread, White, 0b1111110111111101, 3 of 3, 3328, 3419, 3179, 3386
spread, White, 0b1101111111111111, 3 of 3, 3565, 3663, 3405, 3629

grouped2, Red, 0b0000000000000000, 3 of 3, 0, 0, 0, 0
grouped2, Red, 0b0000000000000001, 3 of 3, 73, 74, 73, 73
grouped2, Red, 0b0000000100000001, 3 of 3, 150, 152, 145, 154
grouped2, Red, 0b0000000100000011, 3 of 3, 227, 230, 217, 234
grouped2, Red, 0b0000001100000011, 3 of 3, 302, 307, 290, 309
grouped2, Red, 0b0000001100000111, 3 of 3, 379, 385, 364, 390
grouped2, Red, 0b0000011100000111, 3 of 3, 455, 462, 435, 469
grouped2, Red, 0b0000011100001111, 3 of 3, 533, 540, 510, 549
grouped2, Red, 0b0000111100001111, 3 of 3, 607, 616, 582, 624
grouped2, Red, 0b0000111100011111, 3 of 3, 684, 695, 654, 704
grouped2, Red, 0b0001111100011111, 3 of 3, 760, 772, 727, 782
grouped2, Red, 0b0001111100111111, 3 of 3, 836, 848, 799, 861
grouped2, Red, 0b0011111100111111, 3 of 3, 910, 925, 870, 935
grouped2, Red, 0b0011111101111111, 3 of 3, 987, 1003, 943, 1015
grouped2, Red, 0b0111111101111111, 3 of 3, 1063, 1080, 1015, 1095
grouped2, Red, 0b0111111111111111, 3 of 3, 1138, 1156, 1086, 1174

grouped2, Green, 0b0000000000000000, 3 of 3, 0, 0, 0, 0
grouped2, Green, 0b0000000000000001, 3 of 3, 126, 130, 122, 126
grouped2, Green, 0b0000000100000001, 3 of 3, 254, 263, 245, 255
grouped2, Green, 0b0000000100000011, 3 of 3, 381, 395, 368, 382
grouped2, Green, 0b0000001100000011, 3 of 3, 510, 530, 490, 510
grouped2, Green, 0b0000001100000111, 3 of 3, 639, 664, 613, 642
grouped2, Green, 0b0000011100000111, 3 of 3, 768, 797, 736, 772
grouped2, Green, 0b0000011100001111, 3 of 3, 896, 930, 860, 900
grouped2, Green, 0b0000111100001111, 3 of 3, 1025, 1062, 983, 1030
grouped2, Green, 0b0000111100011111, 3 of 3, 1153, 1195, 1105, 1160
grouped2, Green, 0b0001111100011111, 3 of 3, 1282, 1330, 1226, 1291
grouped2, Green, 0b0001111100111111, 3 of 3, 1411, 1462, 1352, 1419
grouped2, Green, 0b0011111100111111, 3 of 3, 1540, 1595, 1475, 1550
grouped2, Green, 0b0011111101111111, 3 of 3, 1667, 1730, 1597, 1676
grouped2, Green, 0b0111111101111111, 3 of 3, 1797, 1861, 1719, 1813
grouped2, Green, 0b0111111111111111, 3 of 3, 1924, 1995, 1841, 1938

grouped2, Blue, 0b0000000000000000, 3 of 3, 0, 0, 0, 0
grouped2, Blue, 0b0000000000000001, 3 of 3, 30, 30, 31, 30
grouped2, Blue, 0b0000000100000001, 3 of 3, 63, 64, 63, 64
grouped2, Blue, 0b0000000100000011, 3 of 3, 99, 97, 95, 106
grouped2, Blue, 0b0000001100000011, 3 of 3, 131, 133, 126, 134
grouped2, Blue, 0b0000001100000111, 3 of 3, 163, 166, 159, 166
grouped2, Blue, 0b0000011100000111, 3 of 3, 196, 200, 190, 200
grouped2, Blue, 0b0000011100001111, 3 of 3, 231, 235, 221, 237
grouped2, Blue, 0b0000111100001111, 3 of 3, 264, 268, 254, 270
grouped2, Blue, 0b0000111100011111, 3 of 3, 296, 301, 286, 302
grouped2, Blue, 0b0001111100011111, 3 of 3, 332, 336, 320, 340
grouped2, Blue, 0b0001111100111111, 3 of 3, 364, 370, 349, 373
grouped2, Blue, 0b0011111100111111, 3 of 3, 396, 403, 381, 406
grouped2, Blue, 0b0011111101111111, 3 of 3, 431, 438, 413, 444
grouped2, Blue, 0b0111111101111111, 3 of 3, 464, 471, 444, 477
grouped2, Blue, 0b0111111111111111, 3 of 3, 497, 505, 476, 510

grouped2, White, 0b0000000000000000, 3 of 3, 0, 0, 0, 0
grouped2, White, 0b0000000000000001, 3 of 3, 235, 241, 226, 240
grouped2, White, 0b0000000100000001, 3 of 3, 473, 485, 455, 481
grouped2, White, 0b0000000100000011, 3 of 3, 710, 729, 680, 722
grouped2, White, 0b0000001100000011, 3 of 3, 950, 975, 908, 969
grouped2, White, 0b0000001100000111, 3 of 3, 1187, 1218, 1135, 1210
grouped2, White, 0b0000011100000111, 3 of 3, 1423, 1464, 1361, 1445
grouped2, White, 0b0000011100001111, 3 of 3, 1663, 1708, 1593, 1690
grouped2, White, 0b0000111100001111, 3 of 3, 1901, 1950, 1816, 1937
grouped2, White, 0b0000111100011111, 3 of 3, 2135, 2196, 2040, 2171
grouped2, White, 0b0001111100011111, 3 of 3, 2375, 2439, 2272, 2414
grouped2, White, 0b0001111100111111, 3 of 3, 2614, 2681, 2497, 2666
grouped2, White, 0b0011111100111111, 3 of 3, 2848, 2926, 2720, 2899
grouped2, White, 0b0011111101111111, 3 of 3, 3086, 3170, 2950, 3140
grouped2, White, 0b0111111101111111, 3 of 3, 3323, 3414, 3175, 3381
grouped2, White, 0b0111111111111111, 3 of 3, 3561, 3657, 3402, 3626

DONE()
