> Executing task: loadp2 -b230400 isp_measure_panel.binary -t -p/dev/ttyUSB0 <

( Entering terminal mode.  Press Ctrl-] or Ctrl-Z to exit. )

Measure Panel Started!

Start()
Setup...
 - Freq1: 335000000
 - Tix: 271
ID Slave...
 - sensor0: Found SLAVE0
 - sensor1: Found SLAVE0
 - sensor2: Found SLAVE0
power-on sensor #0
 - Power-on #0 worked
power-on sensor #1
 - Power-on #1 worked
power-on sensor #2
 - Power-on #2 worked


====<  justified  >====
---- Red ----
- %               0
  -- 3 good. avg:0 lum, [#0:0, #1:0, #2:0]
- %               1
  -- 3 good. avg:70 lum, [#0:70, #1:70, #2:70]
- %              11
  -- 3 good. avg:143 lum, [#0:145, #1:139, #2:145]
- %             111
  -- 3 good. avg:216 lum, [#0:218, #1:209, #2:221]
- %            1111
  -- 3 good. avg:287 lum, [#0:292, #1:278, #2:293]
- %           11111
  -- 3 good. avg:359 lum, [#0:366, #1:347, #2:365]
- %          111111
  -- 3 good. avg:433 lum, [#0:440, #1:417, #2:442]
- %         1111111
  -- 3 good. avg:504 lum, [#0:512, #1:486, #2:515]
- %        11111111
  -- 3 good. avg:577 lum, [#0:587, #1:555, #2:591]
- %       111111111
  -- 3 good. avg:650 lum, [#0:661, #1:625, #2:664]
- %      1111111111
  -- 3 good. avg:721 lum, [#0:735, #1:694, #2:735]
- %     11111111111
  -- 3 good. avg:794 lum, [#0:808, #1:762, #2:812]
- %    111111111111
  -- 3 good. avg:867 lum, [#0:882, #1:832, #2:888]
- %   1111111111111
  -- 3 good. avg:938 lum, [#0:955, #1:900, #2:961]
- %  11111111111111
  -- 3 good. avg:1010 lum, [#0:1029, #1:969, #2:1032]
- % 111111111111111
  -- 3 good. avg:1083 lum, [#0:1102, #1:1039, #2:1108]

---- Green ----
- %               0
  -- 3 good. avg:0 lum, [#0:0, #1:0, #2:0]
- %               1
  -- 3 good. avg:126 lum, [#0:130, #1:122, #2:127]
- %              11
  -- 3 good. avg:253 lum, [#0:262, #1:245, #2:254]
- %             111
  -- 3 good. avg:381 lum, [#0:395, #1:367, #2:383]
- %            1111
  -- 3 good. avg:510 lum, [#0:526, #1:490, #2:514]
- %           11111
  -- 3 good. avg:640 lum, [#0:660, #1:612, #2:648]
- %          111111
  -- 3 good. avg:767 lum, [#0:793, #1:735, #2:774]
- %         1111111
  -- 3 good. avg:893 lum, [#0:925, #1:856, #2:900]
- %        11111111
  -- 3 good. avg:1023 lum, [#0:1057, #1:980, #2:1033]
- %       111111111
  -- 3 good. avg:1155 lum, [#0:1190, #1:1103, #2:1173]
- %      1111111111
  -- 3 good. avg:1282 lum, [#0:1323, #1:1225, #2:1298]
- %     11111111111
  -- 3 good. avg:1408 lum, [#0:1455, #1:1347, #2:1424]
- %    111111111111
  -- 3 good. avg:1535 lum, [#0:1587, #1:1470, #2:1550]
- %   1111111111111
  -- 3 good. avg:1664 lum, [#0:1722, #1:1593, #2:1678]
- %  11111111111111
  -- 3 good. avg:1794 lum, [#0:1855, #1:1714, #2:1813]
- % 111111111111111
  -- 3 good. avg:1920 lum, [#0:1985, #1:1836, #2:1941]

---- Blue ----
- %               0
  -- 3 good. avg:0 lum, [#0:0, #1:0, #2:0]
- %               1
  -- 3 good. avg:31 lum, [#0:31, #1:32, #2:31]
- %              11
  -- 3 good. avg:65 lum, [#0:65, #1:65, #2:65]
- %             111
  -- 3 good. avg:100 lum, [#0:99, #1:97, #2:106]
- %            1111
  -- 3 good. avg:133 lum, [#0:134, #1:129, #2:137]
- %           11111
  -- 3 good. avg:166 lum, [#0:168, #1:161, #2:170]
- %          111111
  -- 3 good. avg:199 lum, [#0:202, #1:194, #2:202]
- %         1111111
  -- 3 good. avg:234 lum, [#0:237, #1:225, #2:242]
- %        11111111
  -- 3 good. avg:268 lum, [#0:271, #1:258, #2:275]
- %       111111111
  -- 3 good. avg:301 lum, [#0:305, #1:290, #2:308]
- %      1111111111
  -- 3 good. avg:335 lum, [#0:340, #1:322, #2:345]
- %     11111111111
  -- 3 good. avg:369 lum, [#0:374, #1:355, #2:380]
- %    111111111111
  -- 3 good. avg:403 lum, [#0:408, #1:387, #2:414]
- %   1111111111111
  -- 3 good. avg:438 lum, [#0:444, #1:420, #2:451]
- %  11111111111111
  -- 3 good. avg:471 lum, [#0:477, #1:452, #2:485]
- % 111111111111111
  -- 3 good. avg:504 lum, [#0:511, #1:485, #2:518]

---- White ----
- %               0
  -- 3 good. avg:0 lum, [#0:0, #1:0, #2:0]
- %               1
  -- 3 good. avg:233 lum, [#0:239, #1:224, #2:237]
- %              11
  -- 3 good. avg:466 lum, [#0:480, #1:449, #2:471]
- %             111
  -- 3 good. avg:703 lum, [#0:720, #1:675, #2:715]
- %            1111
  -- 3 good. avg:939 lum, [#0:960, #1:898, #2:960]
- %           11111
  -- 3 good. avg:1173 lum, [#0:1203, #1:1122, #2:1195]
- %          111111
  -- 3 good. avg:1405 lum, [#0:1444, #1:1347, #2:1426]
- %         1111111
  -- 3 good. avg:1639 lum, [#0:1685, #1:1571, #2:1661]
- %        11111111
  -- 3 good. avg:1874 lum, [#0:1927, #1:1795, #2:1900]
- %       111111111
  -- 3 good. avg:2110 lum, [#0:2165, #1:2020, #2:2146]
- %      1111111111
  -- 3 good. avg:2345 lum, [#0:2405, #1:2243, #2:2389]
- %     11111111111
  -- 3 good. avg:2580 lum, [#0:2645, #1:2467, #2:2629]
- %    111111111111
  -- 3 good. avg:2814 lum, [#0:2886, #1:2690, #2:2868]
- %   1111111111111
  -- 3 good. avg:3049 lum, [#0:3128, #1:2915, #2:3106]
- %  11111111111111
  -- 3 good. avg:3281 lum, [#0:3367, #1:3138, #2:3339]
- % 111111111111111
  -- 3 good. avg:3514 lum, [#0:3606, #1:3360, #2:3576]



====<  spread  >====
---- Red ----
- %               0
  -- 3 good. avg:0 lum, [#0:0, #1:0, #2:0]
- %               1
  -- 3 good. avg:70 lum, [#0:70, #1:70, #2:70]
- %       100000001
  -- 3 good. avg:143 lum, [#0:145, #1:139, #2:145]
- %     10000100001
  -- 3 good. avg:217 lum, [#0:220, #1:210, #2:222]
- %   1000100010001
  -- 3 good. avg:289 lum, [#0:294, #1:280, #2:294]
- %  10010001001001
  -- 3 good. avg:362 lum, [#0:368, #1:349, #2:370]
- %  10010100100101
  -- 3 good. avg:435 lum, [#0:443, #1:418, #2:445]
- % 101010010100101
  -- 3 good. avg:506 lum, [#0:515, #1:488, #2:517]
- % 101010101010101
  -- 3 good. avg:579 lum, [#0:590, #1:556, #2:592]
- % 101010111010101
  -- 3 good. avg:653 lum, [#0:664, #1:626, #2:669]
- % 101110101011101
  -- 3 good. avg:726 lum, [#0:738, #1:695, #2:746]
- % 101110111011101
  -- 3 good. avg:796 lum, [#0:810, #1:764, #2:814]
- %1101110111011101
  -- 3 good. avg:869 lum, [#0:885, #1:834, #2:890]
- %1101110111111101
  -- 3 good. avg:942 lum, [#0:960, #1:902, #2:965]
- %1111110111111101
  -- 3 good. avg:1012 lum, [#0:1031, #1:970, #2:1036]
- %1101111111111111
  -- 3 good. avg:1085 lum, [#0:1105, #1:1040, #2:1111]

---- Green ----
- %               0
  -- 3 good. avg:0 lum, [#0:0, #1:0, #2:0]
- %               1
  -- 3 good. avg:126 lum, [#0:130, #1:122, #2:127]
- %       100000001
  -- 3 good. avg:254 lum, [#0:262, #1:245, #2:255]
- %     10000100001
  -- 3 good. avg:382 lum, [#0:395, #1:367, #2:384]
- %   1000100010001
  -- 3 good. avg:510 lum, [#0:527, #1:490, #2:513]
- %  10010001001001
  -- 3 good. avg:640 lum, [#0:661, #1:613, #2:647]
- %  10010100100101
  -- 3 good. avg:767 lum, [#0:793, #1:735, #2:775]
- % 101010010100101
  -- 3 good. avg:895 lum, [#0:925, #1:857, #2:904]
- % 101010101010101
  -- 3 good. avg:1023 lum, [#0:1058, #1:980, #2:1032]
- % 101010111010101
  -- 3 good. avg:1151 lum, [#0:1192, #1:1102, #2:1161]
- % 101110101011101
  -- 3 good. avg:1281 lum, [#0:1325, #1:1225, #2:1295]
- % 101110111011101
  -- 3 good. avg:1409 lum, [#0:1456, #1:1348, #2:1425]
- %1101110111011101
  -- 3 good. avg:1537 lum, [#0:1590, #1:1470, #2:1551]
- %1101110111111101
  -- 3 good. avg:1665 lum, [#0:1722, #1:1593, #2:1680]
- %1111110111111101
  -- 3 good. avg:1794 lum, [#0:1855, #1:1715, #2:1813]
- %1101111111111111
  -- 3 good. avg:1921 lum, [#0:1986, #1:1837, #2:1942]

---- Blue ----
- %               0
  -- 3 good. avg:0 lum, [#0:0, #1:0, #2:0]
- %               1
  -- 3 good. avg:31 lum, [#0:31, #1:32, #2:31]
- %       100000001
  -- 3 good. avg:65 lum, [#0:65, #1:65, #2:65]
- %     10000100001
  -- 3 good. avg:100 lum, [#0:99, #1:97, #2:106]
- %   1000100010001
  -- 3 good. avg:133 lum, [#0:134, #1:129, #2:136]
- %  10010001001001
  -- 3 good. avg:166 lum, [#0:168, #1:161, #2:170]
- %  10010100100101
  -- 3 good. avg:203 lum, [#0:202, #1:194, #2:213]
- % 101010010100101
  -- 3 good. avg:234 lum, [#0:237, #1:225, #2:241]
- % 101010101010101
  -- 3 good. avg:268 lum, [#0:271, #1:258, #2:275]
- % 101010111010101
  -- 3 good. avg:301 lum, [#0:305, #1:290, #2:308]
- % 101110101011101
  -- 3 good. avg:336 lum, [#0:340, #1:322, #2:346]
- % 101110111011101
  -- 3 good. avg:370 lum, [#0:375, #1:355, #2:380]
- %1101110111011101
  -- 3 good. avg:402 lum, [#0:408, #1:387, #2:413]
- %1101110111111101
  -- 3 good. avg:438 lum, [#0:443, #1:420, #2:451]
- %1111110111111101
  -- 3 good. avg:471 lum, [#0:477, #1:451, #2:485]
- %1101111111111111
  -- 3 good. avg:504 lum, [#0:511, #1:484, #2:518]

---- White ----
- %               0
  -- 3 good. avg:0 lum, [#0:0, #1:0, #2:0]
- %               1
  -- 3 good. avg:233 lum, [#0:239, #1:224, #2:237]
- %       100000001
  -- 3 good. avg:468 lum, [#0:480, #1:449, #2:476]
- %     10000100001
  -- 3 good. avg:702 lum, [#0:721, #1:674, #2:713]
- %   1000100010001
  -- 3 good. avg:941 lum, [#0:964, #1:899, #2:960]
- %  10010001001001
  -- 3 good. avg:1175 lum, [#0:1205, #1:1125, #2:1195]
- %  10010100100101
  -- 3 good. avg:1408 lum, [#0:1445, #1:1349, #2:1432]
- % 101010010100101
  -- 3 good. avg:1643 lum, [#0:1685, #1:1573, #2:1671]
- % 101010101010101
  -- 3 good. avg:1877 lum, [#0:1926, #1:1798, #2:1908]
- % 101010111010101
  -- 3 good. avg:2113 lum, [#0:2168, #1:2022, #2:2150]
- % 101110101011101
  -- 3 good. avg:2345 lum, [#0:2406, #1:2245, #2:2386]
- % 101110111011101
  -- 3 good. avg:2581 lum, [#0:2647, #1:2469, #2:2627]
- %1101110111011101
  -- 3 good. avg:2815 lum, [#0:2890, #1:2693, #2:2863]
- %1101110111111101
  -- 3 good. avg:3050 lum, [#0:3129, #1:2916, #2:3106]
- %1111110111111101
  -- 3 good. avg:3284 lum, [#0:3369, #1:3140, #2:3343]
- %1101111111111111
  -- 3 good. avg:3517 lum, [#0:3609, #1:3362, #2:3581]



====<  grouped2  >====
---- Red ----
- %               0
  -- 3 good. avg:0 lum, [#0:0, #1:0, #2:0]
- %               1
  -- 3 good. avg:70 lum, [#0:70, #1:70, #2:70]
- %       100000001
  -- 3 good. avg:143 lum, [#0:145, #1:140, #2:145]
- %       100000011
  -- 3 good. avg:217 lum, [#0:220, #1:210, #2:223]
- %      1100000011
  -- 3 good. avg:288 lum, [#0:293, #1:279, #2:293]
- %      1100000111
  -- 3 good. avg:363 lum, [#0:369, #1:349, #2:371]
- %     11100000111
  -- 3 good. avg:435 lum, [#0:442, #1:419, #2:445]
- %     11100001111
  -- 3 good. avg:507 lum, [#0:516, #1:488, #2:518]
- %    111100001111
  -- 3 good. avg:580 lum, [#0:590, #1:557, #2:593]
- %    111100011111
  -- 3 good. avg:653 lum, [#0:665, #1:627, #2:669]
- %   1111100011111
  -- 3 good. avg:726 lum, [#0:737, #1:696, #2:746]
- %   1111100111111
  -- 3 good. avg:797 lum, [#0:812, #1:765, #2:815]
- %  11111100111111
  -- 3 good. avg:871 lum, [#0:887, #1:835, #2:892]
- %  11111101111111
  -- 3 good. avg:943 lum, [#0:960, #1:904, #2:966]
- % 111111101111111
  -- 3 good. avg:1015 lum, [#0:1033, #1:973, #2:1039]
- % 111111111111111
  -- 3 good. avg:1087 lum, [#0:1106, #1:1042, #2:1114]

---- Green ----
- %               0
  -- 3 good. avg:0 lum, [#0:0, #1:0, #2:0]
- %               1
  -- 3 good. avg:125 lum, [#0:130, #1:122, #2:125]
- %       100000001
  -- 3 good. avg:254 lum, [#0:262, #1:245, #2:256]
- %       100000011
  -- 3 good. avg:381 lum, [#0:393, #1:367, #2:384]
- %      1100000011
  -- 3 good. avg:510 lum, [#0:527, #1:490, #2:514]
- %      1100000111
  -- 3 good. avg:639 lum, [#0:661, #1:613, #2:645]
- %     11100000111
  -- 3 good. avg:768 lum, [#0:794, #1:735, #2:775]
- %     11100001111
  -- 3 good. avg:896 lum, [#0:925, #1:858, #2:905]
- %    111100001111
  -- 3 good. avg:1022 lum, [#0:1057, #1:980, #2:1030]
- %    111100011111
  -- 3 good. avg:1152 lum, [#0:1193, #1:1103, #2:1162]
- %   1111100011111
  -- 3 good. avg:1282 lum, [#0:1325, #1:1225, #2:1296]
- %   1111100111111
  -- 3 good. avg:1408 lum, [#0:1456, #1:1348, #2:1422]
- %  11111100111111
  -- 3 good. avg:1536 lum, [#0:1589, #1:1471, #2:1550]
- %  11111101111111
  -- 3 good. avg:1664 lum, [#0:1722, #1:1593, #2:1679]
- % 111111101111111
  -- 3 good. avg:1795 lum, [#0:1855, #1:1715, #2:1815]
- % 111111111111111
  -- 3 good. avg:1922 lum, [#0:1987, #1:1838, #2:1943]

---- Blue ----
- %               0
  -- 3 good. avg:0 lum, [#0:0, #1:0, #2:0]
- %               1
  -- 3 good. avg:31 lum, [#0:31, #1:32, #2:31]
- %       100000001
  -- 3 good. avg:65 lum, [#0:65, #1:65, #2:65]
- %       100000011
  -- 3 good. avg:100 lum, [#0:99, #1:97, #2:106]
- %      1100000011
  -- 3 good. avg:133 lum, [#0:134, #1:129, #2:136]
- %      1100000111
  -- 3 good. avg:166 lum, [#0:168, #1:161, #2:170]
- %     11100000111
  -- 3 good. avg:199 lum, [#0:202, #1:194, #2:203]
- %     11100001111
  -- 3 good. avg:234 lum, [#0:237, #1:225, #2:241]
- %    111100001111
  -- 3 good. avg:268 lum, [#0:271, #1:258, #2:275]
- %    111100011111
  -- 3 good. avg:300 lum, [#0:305, #1:290, #2:307]
- %   1111100011111
  -- 3 good. avg:336 lum, [#0:340, #1:322, #2:346]
- %   1111100111111
  -- 3 good. avg:369 lum, [#0:374, #1:355, #2:379]
- %  11111100111111
  -- 3 good. avg:402 lum, [#0:408, #1:387, #2:413]
- %  11111101111111
  -- 3 good. avg:437 lum, [#0:443, #1:420, #2:450]
- % 111111101111111
  -- 3 good. avg:471 lum, [#0:477, #1:451, #2:485]
- % 111111111111111
  -- 3 good. avg:504 lum, [#0:510, #1:484, #2:518]

---- White ----
- %               0
  -- 3 good. avg:0 lum, [#0:0, #1:0, #2:0]
- %               1
  -- 3 good. avg:233 lum, [#0:239, #1:225, #2:237]
- %       100000001
  -- 3 good. avg:468 lum, [#0:480, #1:450, #2:474]
- %       100000011
  -- 3 good. avg:703 lum, [#0:721, #1:675, #2:713]
- %      1100000011
  -- 3 good. avg:941 lum, [#0:964, #1:900, #2:960]
- %      1100000111
  -- 3 good. avg:1174 lum, [#0:1204, #1:1125, #2:1193]
- %     11100000111
  -- 3 good. avg:1410 lum, [#0:1446, #1:1349, #2:1435]
- %     11100001111
  -- 3 good. avg:1645 lum, [#0:1686, #1:1574, #2:1676]
- %    111100001111
  -- 3 good. avg:1878 lum, [#0:1927, #1:1799, #2:1910]
- %    111100011111
  -- 3 good. avg:2113 lum, [#0:2167, #1:2022, #2:2150]
- %   1111100011111
  -- 3 good. avg:2345 lum, [#0:2406, #1:2245, #2:2386]
- %   1111100111111
  -- 3 good. avg:2581 lum, [#0:2648, #1:2470, #2:2627]
- %  11111100111111
  -- 3 good. avg:2817 lum, [#0:2893, #1:2694, #2:2866]
- %  11111101111111
  -- 3 good. avg:3051 lum, [#0:3130, #1:2918, #2:3107]
- % 111111101111111
  -- 3 good. avg:3284 lum, [#0:3369, #1:3141, #2:3344]
- % 111111111111111
  -- 3 good. avg:3518 lum, [#0:3609, #1:3365, #2:3580]

DONE()
