> Executing task: loadp2 -b230400 isp_measure_panel.binary -t -p/dev/ttyUSB0 <

( Entering terminal mode.  Press Ctrl-] or Ctrl-Z to exit. )

Measure Panel Started!

Start()
Setup...
 - Freq1: 335000000
 - Tix: 271
ID Slave...
 - sensor0: Found SLAVE0
 - sensor1: Found SLAVE0
 - sensor2: Found SLAVE0
power-on sensor #0
 - Power-on #0 worked
power-on sensor #1
 - Power-on #1 worked
power-on sensor #2
 - Power-on #2 worked


====<  justified  >====
---- Red ----
- %               0
  -- 3 good. avg:0 lum, [#0:0, #1:0, #2:0]
- %               1
  -- 3 good. avg:66 lum, [#0:67, #1:66, #2:66]
- %              11
  -- 3 good. avg:136 lum, [#0:138, #1:131, #2:139]
- %             111
  -- 3 good. avg:206 lum, [#0:207, #1:198, #2:213]
- %            1111
  -- 3 good. avg:273 lum, [#0:278, #1:264, #2:278]
- %           11111
  -- 3 good. avg:343 lum, [#0:349, #1:330, #2:352]
- %          111111
  -- 3 good. avg:413 lum, [#0:419, #1:395, #2:426]
- %         1111111
  -- 3 good. avg:480 lum, [#0:490, #1:461, #2:490]
- %        11111111
  -- 3 good. avg:549 lum, [#0:560, #1:528, #2:561]
- %       111111111
  -- 3 good. avg:621 lum, [#0:630, #1:594, #2:640]
- %      1111111111
  -- 3 good. avg:688 lum, [#0:700, #1:659, #2:705]
- %     11111111111
  -- 3 good. avg:756 lum, [#0:770, #1:725, #2:775]
- %    111111111111
  -- 3 good. avg:824 lum, [#0:840, #1:791, #2:841]
- %   1111111111111
  -- 3 good. avg:893 lum, [#0:910, #1:856, #2:914]
- %  11111111111111
  -- 3 good. avg:964 lum, [#0:981, #1:923, #2:988]
- % 111111111111111
  -- 3 good. avg:1030 lum, [#0:1050, #1:987, #2:1053]

---- Green ----
- %               0
  -- 3 good. avg:0 lum, [#0:0, #1:0, #2:0]
- %               1
  -- 3 good. avg:125 lum, [#0:129, #1:120, #2:126]
- %              11
  -- 3 good. avg:252 lum, [#0:259, #1:242, #2:255]
- %             111
  -- 3 good. avg:378 lum, [#0:390, #1:363, #2:383]
- %            1111
  -- 3 good. avg:504 lum, [#0:521, #1:485, #2:508]
- %           11111
  -- 3 good. avg:634 lum, [#0:654, #1:607, #2:643]
- %          111111
  -- 3 good. avg:762 lum, [#0:785, #1:729, #2:774]
- %         1111111
  -- 3 good. avg:888 lum, [#0:915, #1:849, #2:901]
- %        11111111
  -- 3 good. avg:1013 lum, [#0:1047, #1:969, #2:1025]
- %       111111111
  -- 3 good. avg:1141 lum, [#0:1180, #1:1090, #2:1153]
- %      1111111111
  -- 3 good. avg:1269 lum, [#0:1311, #1:1212, #2:1285]
- %     11111111111
  -- 3 good. avg:1397 lum, [#0:1441, #1:1335, #2:1415]
- %    111111111111
  -- 3 good. avg:1524 lum, [#0:1572, #1:1455, #2:1545]
- %   1111111111111
  -- 3 good. avg:1652 lum, [#0:1706, #1:1576, #2:1675]
- %  11111111111111
  -- 3 good. avg:1778 lum, [#0:1836, #1:1698, #2:1802]
- % 111111111111111
  -- 3 good. avg:1906 lum, [#0:1967, #1:1819, #2:1933]

---- Blue ----
- %               0
  -- 3 good. avg:0 lum, [#0:0, #1:0, #2:0]
- %               1
  -- 3 good. avg:31 lum, [#0:31, #1:32, #2:32]
- %              11
  -- 3 good. avg:65 lum, [#0:65, #1:65, #2:65]
- %             111
  -- 3 good. avg:101 lum, [#0:100, #1:98, #2:106]
- %            1111
  -- 3 good. avg:134 lum, [#0:135, #1:130, #2:138]
- %           11111
  -- 3 good. avg:168 lum, [#0:170, #1:163, #2:172]
- %          111111
  -- 3 good. avg:204 lum, [#0:204, #1:195, #2:213]
- %         1111111
  -- 3 good. avg:237 lum, [#0:240, #1:228, #2:244]
- %        11111111
  -- 3 good. avg:270 lum, [#0:274, #1:261, #2:277]
- %       111111111
  -- 3 good. avg:307 lum, [#0:308, #1:294, #2:320]
- %      1111111111
  -- 3 good. avg:340 lum, [#0:343, #1:326, #2:351]
- %     11111111111
  -- 3 good. avg:373 lum, [#0:378, #1:359, #2:384]
- %    111111111111
  -- 3 good. avg:409 lum, [#0:411, #1:392, #2:426]
- %   1111111111111
  -- 3 good. avg:443 lum, [#0:447, #1:426, #2:456]
- %  11111111111111
  -- 3 good. avg:476 lum, [#0:481, #1:457, #2:490]
- % 111111111111111
  -- 3 good. avg:512 lum, [#0:515, #1:490, #2:533]

---- White ----
- %               0
  -- 3 good. avg:0 lum, [#0:0, #1:0, #2:0]
- %               1
  -- 3 good. avg:229 lum, [#0:235, #1:220, #2:234]
- %              11
  -- 3 good. avg:460 lum, [#0:471, #1:441, #2:470]
- %             111
  -- 3 good. avg:690 lum, [#0:708, #1:662, #2:701]
- %            1111
  -- 3 good. avg:920 lum, [#0:945, #1:883, #2:934]
- %           11111
  -- 3 good. avg:1155 lum, [#0:1181, #1:1105, #2:1180]
- %          111111
  -- 3 good. avg:1387 lum, [#0:1419, #1:1326, #2:1416]
- %         1111111
  -- 3 good. avg:1617 lum, [#0:1655, #1:1547, #2:1651]
- %        11111111
  -- 3 good. avg:1847 lum, [#0:1890, #1:1767, #2:1885]
- %       111111111
  -- 3 good. avg:2078 lum, [#0:2133, #1:1987, #2:2114]
- %      1111111111
  -- 3 good. avg:2308 lum, [#0:2367, #1:2208, #2:2350]
- %     11111111111
  -- 3 good. avg:2539 lum, [#0:2604, #1:2429, #2:2585]
- %    111111111111
  -- 3 good. avg:2769 lum, [#0:2839, #1:2650, #2:2820]
- %   1111111111111
  -- 3 good. avg:2999 lum, [#0:3074, #1:2869, #2:3055]
- %  11111111111111
  -- 3 good. avg:3230 lum, [#0:3312, #1:3089, #2:3290]
- % 111111111111111
  -- 3 good. avg:3462 lum, [#0:3548, #1:3309, #2:3530]



====<  justified  >====
---- Red ----
- %               0
  -- 3 good. avg:0 lum, [#0:0, #1:0, #2:0]
- %               1
  -- 3 good. avg:67 lum, [#0:68, #1:67, #2:66]
- %       100000001
  -- 3 good. avg:138 lum, [#0:140, #1:134, #2:140]
- %     10000100001
  -- 3 good. avg:209 lum, [#0:213, #1:201, #2:213]
- %   1000100010001
  -- 3 good. avg:276 lum, [#0:281, #1:268, #2:281]
- %  10010001001001
  -- 3 good. avg:348 lum, [#0:354, #1:335, #2:355]
- %  10010100100101
  -- 3 good. avg:419 lum, [#0:426, #1:403, #2:428]
- % 101010010100101
  -- 3 good. avg:486 lum, [#0:495, #1:469, #2:496]
- % 101010101010101
  -- 3 good. avg:557 lum, [#0:567, #1:535, #2:569]
- % 101010111010101
  -- 3 good. avg:628 lum, [#0:640, #1:603, #2:642]
- % 101110101011101
  -- 3 good. avg:695 lum, [#0:708, #1:669, #2:710]
- % 101110111011101
  -- 3 good. avg:765 lum, [#0:780, #1:735, #2:782]
- %1101110111011101
  -- 3 good. avg:835 lum, [#0:850, #1:802, #2:855]
- %1101110111111101
  -- 3 good. avg:903 lum, [#0:920, #1:868, #2:922]
- %1111110111111101
  -- 3 good. avg:973 lum, [#0:991, #1:935, #2:995]
- %1101111111111111
  -- 3 good. avg:1042 lum, [#0:1060, #1:1000, #2:1067]

---- Green ----
- %               0
  -- 3 good. avg:0 lum, [#0:0, #1:0, #2:0]
- %               1
  -- 3 good. avg:124 lum, [#0:129, #1:120, #2:125]
- %       100000001
  -- 3 good. avg:252 lum, [#0:260, #1:243, #2:255]
- %     10000100001
  -- 3 good. avg:379 lum, [#0:391, #1:365, #2:382]
- %   1000100010001
  -- 3 good. avg:507 lum, [#0:523, #1:487, #2:511]
- %  10010001001001
  -- 3 good. avg:635 lum, [#0:655, #1:608, #2:644]
- %  10010100100101
  -- 3 good. avg:762 lum, [#0:787, #1:730, #2:771]
- % 101010010100101
  -- 3 good. avg:890 lum, [#0:918, #1:853, #2:900]
- % 101010101010101
  -- 3 good. avg:1017 lum, [#0:1050, #1:972, #2:1029]
- % 101010111010101
  -- 3 good. avg:1144 lum, [#0:1182, #1:1095, #2:1155]
- % 101110101011101
  -- 3 good. avg:1273 lum, [#0:1313, #1:1216, #2:1290]
- % 101110111011101
  -- 3 good. avg:1400 lum, [#0:1445, #1:1338, #2:1417]
- %1101110111011101
  -- 3 good. avg:1527 lum, [#0:1576, #1:1460, #2:1545]
- %1101110111111101
  -- 3 good. avg:1654 lum, [#0:1709, #1:1581, #2:1674]
- %1111110111111101
  -- 3 good. avg:1782 lum, [#0:1840, #1:1703, #2:1803]
- %1101111111111111
  -- 3 good. avg:1909 lum, [#0:1970, #1:1823, #2:1935]

---- Blue ----
- %               0
  -- 3 good. avg:0 lum, [#0:0, #1:0, #2:0]
- %               1
  -- 3 good. avg:31 lum, [#0:31, #1:32, #2:31]
- %       100000001
  -- 3 good. avg:65 lum, [#0:65, #1:65, #2:65]
- %     10000100001
  -- 3 good. avg:101 lum, [#0:100, #1:98, #2:106]
- %   1000100010001
  -- 3 good. avg:134 lum, [#0:135, #1:130, #2:138]
- %  10010001001001
  -- 3 good. avg:168 lum, [#0:170, #1:163, #2:171]
- %  10010100100101
  -- 3 good. avg:203 lum, [#0:203, #1:195, #2:213]
- % 101010010100101
  -- 3 good. avg:236 lum, [#0:239, #1:227, #2:244]
- % 101010101010101
  -- 3 good. avg:270 lum, [#0:273, #1:260, #2:277]
- % 101010111010101
  -- 3 good. avg:306 lum, [#0:307, #1:293, #2:320]
- % 101110101011101
  -- 3 good. avg:339 lum, [#0:343, #1:325, #2:350]
- % 101110111011101
  -- 3 good. avg:372 lum, [#0:377, #1:358, #2:383]
- %1101110111011101
  -- 3 good. avg:409 lum, [#0:411, #1:391, #2:426]
- %1101110111111101
  -- 3 good. avg:442 lum, [#0:447, #1:424, #2:455]
- %1111110111111101
  -- 3 good. avg:475 lum, [#0:480, #1:455, #2:490]
- %1101111111111111
  -- 3 good. avg:509 lum, [#0:515, #1:489, #2:523]

---- White ----
- %               0
  -- 3 good. avg:0 lum, [#0:0, #1:0, #2:0]
- %               1
  -- 3 good. avg:229 lum, [#0:235, #1:221, #2:232]
- %       100000001
  -- 3 good. avg:462 lum, [#0:473, #1:445, #2:470]
- %     10000100001
  -- 3 good. avg:693 lum, [#0:710, #1:665, #2:706]
- %   1000100010001
  -- 3 good. avg:925 lum, [#0:948, #1:888, #2:940]
- %  10010001001001
  -- 3 good. avg:1159 lum, [#0:1189, #1:1110, #2:1180]
- %  10010100100101
  -- 3 good. avg:1391 lum, [#0:1425, #1:1333, #2:1416]
- % 101010010100101
  -- 3 good. avg:1622 lum, [#0:1663, #1:1553, #2:1651]
- % 101010101010101
  -- 3 good. avg:1854 lum, [#0:1901, #1:1775, #2:1886]
- % 101010111010101
  -- 3 good. avg:2085 lum, [#0:2139, #1:1997, #2:2121]
- % 101110101011101
  -- 3 good. avg:2318 lum, [#0:2375, #1:2219, #2:2361]
- % 101110111011101
  -- 3 good. avg:2549 lum, [#0:2613, #1:2439, #2:2595]
- %1101110111011101
  -- 3 good. avg:2779 lum, [#0:2849, #1:2660, #2:2830]
- %1101110111111101
  -- 3 good. avg:3010 lum, [#0:3085, #1:2880, #2:3065]
- %1111110111111101
  -- 3 good. avg:3243 lum, [#0:3324, #1:3101, #2:3306]
- %1101111111111111
  -- 3 good. avg:3473 lum, [#0:3561, #1:3321, #2:3538]



====<  justified  >====
---- Red ----
- %               0
  -- 3 good. avg:0 lum, [#0:0, #1:0, #2:0]
- %               1
  -- 3 good. avg:67 lum, [#0:68, #1:68, #2:67]
- %       100000001
  -- 3 good. avg:138 lum, [#0:140, #1:135, #2:140]
- %       100000011
  -- 3 good. avg:211 lum, [#0:214, #1:204, #2:215]
- %      1100000011
  -- 3 good. avg:279 lum, [#0:284, #1:270, #2:283]
- %      1100000111
  -- 3 good. avg:350 lum, [#0:356, #1:337, #2:358]
- %     11100000111
  -- 3 good. avg:421 lum, [#0:428, #1:405, #2:430]
- %     11100001111
  -- 3 good. avg:491 lum, [#0:500, #1:473, #2:500]
- %    111100001111
  -- 3 good. avg:561 lum, [#0:571, #1:540, #2:573]
- %    111100011111
  -- 3 good. avg:633 lum, [#0:644, #1:608, #2:647]
- %   1111100011111
  -- 3 good. avg:701 lum, [#0:714, #1:675, #2:715]
- %   1111100111111
  -- 3 good. avg:771 lum, [#0:785, #1:742, #2:788]
- %  11111100111111
  -- 3 good. avg:843 lum, [#0:857, #1:810, #2:862]
- %  11111101111111
  -- 3 good. avg:911 lum, [#0:928, #1:875, #2:930]
- % 111111101111111
  -- 3 good. avg:982 lum, [#0:1000, #1:944, #2:1004]
- % 111111111111111
  -- 3 good. avg:1052 lum, [#0:1071, #1:1010, #2:1076]

---- Green ----
- %               0
  -- 3 good. avg:0 lum, [#0:0, #1:0, #2:0]
- %               1
  -- 3 good. avg:125 lum, [#0:129, #1:121, #2:127]
- %       100000001
  -- 3 good. avg:253 lum, [#0:260, #1:244, #2:255]
- %       100000011
  -- 3 good. avg:379 lum, [#0:392, #1:365, #2:381]
- %      1100000011
  -- 3 good. avg:508 lum, [#0:524, #1:487, #2:513]
- %      1100000111
  -- 3 good. avg:636 lum, [#0:656, #1:610, #2:644]
- %     11100000111
  -- 3 good. avg:764 lum, [#0:789, #1:731, #2:774]
- %     11100001111
  -- 3 good. avg:891 lum, [#0:920, #1:853, #2:900]
- %    111100001111
  -- 3 good. avg:1018 lum, [#0:1052, #1:975, #2:1029]
- %    111100011111
  -- 3 good. avg:1147 lum, [#0:1185, #1:1096, #2:1160]
- %   1111100011111
  -- 3 good. avg:1275 lum, [#0:1315, #1:1219, #2:1291]
- %   1111100111111
  -- 3 good. avg:1401 lum, [#0:1447, #1:1340, #2:1418]
- %  11111100111111
  -- 3 good. avg:1528 lum, [#0:1578, #1:1462, #2:1545]
- %  11111101111111
  -- 3 good. avg:1656 lum, [#0:1711, #1:1584, #2:1675]
- % 111111101111111
  -- 3 good. avg:1788 lum, [#0:1845, #1:1706, #2:1813]
- % 111111111111111
  -- 3 good. avg:1913 lum, [#0:1975, #1:1828, #2:1936]

---- Blue ----
- %               0
  -- 3 good. avg:0 lum, [#0:0, #1:0, #2:0]
- %               1
  -- 3 good. avg:31 lum, [#0:31, #1:32, #2:32]
- %       100000001
  -- 3 good. avg:65 lum, [#0:65, #1:65, #2:65]
- %       100000011
  -- 3 good. avg:101 lum, [#0:100, #1:98, #2:106]
- %      1100000011
  -- 3 good. avg:134 lum, [#0:135, #1:130, #2:137]
- %      1100000111
  -- 3 good. avg:167 lum, [#0:169, #1:162, #2:171]
- %     11100000111
  -- 3 good. avg:203 lum, [#0:203, #1:195, #2:213]
- %     11100001111
  -- 3 good. avg:236 lum, [#0:239, #1:227, #2:244]
- %    111100001111
  -- 3 good. avg:269 lum, [#0:272, #1:260, #2:277]
- %    111100011111
  -- 3 good. avg:306 lum, [#0:306, #1:293, #2:320]
- %   1111100011111
  -- 3 good. avg:339 lum, [#0:342, #1:325, #2:350]
- %   1111100111111
  -- 3 good. avg:371 lum, [#0:376, #1:357, #2:382]
- %  11111100111111
  -- 3 good. avg:405 lum, [#0:410, #1:390, #2:416]
- %  11111101111111
  -- 3 good. avg:441 lum, [#0:446, #1:423, #2:455]
- % 111111101111111
  -- 3 good. avg:474 lum, [#0:480, #1:455, #2:489]
- % 111111111111111
  -- 3 good. avg:507 lum, [#0:514, #1:487, #2:522]

---- White ----
- %               0
  -- 3 good. avg:0 lum, [#0:0, #1:0, #2:0]
- %               1
  -- 3 good. avg:231 lum, [#0:236, #1:222, #2:235]
- %       100000001
  -- 3 good. avg:463 lum, [#0:474, #1:445, #2:470]
- %       100000011
  -- 3 good. avg:696 lum, [#0:713, #1:668, #2:708]
- %      1100000011
  -- 3 good. avg:927 lum, [#0:950, #1:890, #2:941]
- %      1100000111
  -- 3 good. avg:1162 lum, [#0:1191, #1:1113, #2:1184]
- %     11100000111
  -- 3 good. avg:1396 lum, [#0:1430, #1:1335, #2:1423]
- %     11100001111
  -- 3 good. avg:1627 lum, [#0:1668, #1:1559, #2:1656]
- %    111100001111
  -- 3 good. avg:1858 lum, [#0:1904, #1:1780, #2:1890]
- %    111100011111
  -- 3 good. avg:2089 lum, [#0:2144, #1:2002, #2:2122]
- %   1111100011111
  -- 3 good. avg:2323 lum, [#0:2381, #1:2224, #2:2366]
- %   1111100111111
  -- 3 good. avg:2557 lum, [#0:2621, #1:2446, #2:2605]
- %  11111100111111
  -- 3 good. avg:2788 lum, [#0:2858, #1:2667, #2:2840]
- %  11111101111111
  -- 3 good. avg:3020 lum, [#0:3096, #1:2889, #2:3075]
- % 111111101111111
  -- 3 good. avg:3251 lum, [#0:3333, #1:3110, #2:3310]
- % 111111111111111
  -- 3 good. avg:3482 lum, [#0:3570, #1:3331, #2:3546]

DONE()
