> Executing task: loadp2 -b230400 isp_measure_panel.binary -t -p/dev/ttyUSB0 <

( Entering terminal mode.  Press Ctrl-] or Ctrl-Z to exit. )

Measure Panel Started!

Start()
Setup...
 - Freq1: 335000000
 - Tix: 271
ID Slave...
 - sensor0: Found SLAVE0
 - sensor1: Found SLAVE0
 - sensor2: Found SLAVE0
power-on sensor #0
 - Power-on #0 worked
power-on sensor #1
 - Power-on #1 worked
power-on sensor #2
 - Power-on #2 worked
---- Red ----
- %               0
  -- 3 good. avg:0 lum, [#0:0, #1:0, #2:0]
- %               1
  -- 3 good. avg:71 lum, [#0:72, #1:70, #2:71]
- %              11
  -- 3 good. avg:146 lum, [#0:148, #1:142, #2:150]
- %             111
  -- 3 good. avg:222 lum, [#0:225, #1:213, #2:229]
- %            1111
  -- 3 good. avg:294 lum, [#0:299, #1:282, #2:302]
- %           11111
  -- 3 good. avg:368 lum, [#0:375, #1:352, #2:378]
- %          111111
  -- 3 good. avg:444 lum, [#0:450, #1:426, #2:458]
- %         1111111
  -- 3 good. avg:519 lum, [#0:525, #1:495, #2:537]
- %        11111111
  -- 3 good. avg:591 lum, [#0:601, #1:564, #2:610]
- %       111111111
  -- 3 good. avg:665 lum, [#0:676, #1:635, #2:685]
- %      1111111111
  -- 3 good. avg:741 lum, [#0:753, #1:706, #2:764]
- %     11111111111
  -- 3 good. avg:814 lum, [#0:827, #1:776, #2:839]
- %    111111111111
  -- 3 good. avg:888 lum, [#0:903, #1:847, #2:915]
- %   1111111111111
  -- 3 good. avg:961 lum, [#0:978, #1:915, #2:992]
- %  11111111111111
  -- 3 good. avg:1036 lum, [#0:1052, #1:987, #2:1070]
- % 111111111111111
  -- 3 good. avg:1109 lum, [#0:1127, #1:1057, #2:1143]
---- Green ----
- %               0
  -- 3 good. avg:0 lum, [#0:0, #1:0, #2:0]
- %               1
  -- 3 good. avg:126 lum, [#0:130, #1:122, #2:127]
- %              11
  -- 3 good. avg:253 lum, [#0:262, #1:245, #2:253]
- %             111
  -- 3 good. avg:383 lum, [#0:395, #1:370, #2:385]
- %            1111
  -- 3 good. avg:510 lum, [#0:528, #1:490, #2:513]
- %           11111
  -- 3 good. avg:640 lum, [#0:661, #1:612, #2:647]
- %          111111
  -- 3 good. avg:767 lum, [#0:794, #1:735, #2:772]
- %         1111111
  -- 3 good. avg:896 lum, [#0:926, #1:859, #2:903]
- %        11111111
  -- 3 good. avg:1025 lum, [#0:1060, #1:981, #2:1034]
- %       111111111
  -- 3 good. avg:1153 lum, [#0:1194, #1:1104, #2:1162]
- %      1111111111
  -- 3 good. avg:1281 lum, [#0:1326, #1:1225, #2:1294]
- %     11111111111
  -- 3 good. avg:1408 lum, [#0:1458, #1:1347, #2:1421]
- %    111111111111
  -- 3 good. avg:1536 lum, [#0:1590, #1:1470, #2:1550]
- %   1111111111111
  -- 3 good. avg:1666 lum, [#0:1724, #1:1595, #2:1679]
- %  11111111111111
  -- 3 good. avg:1795 lum, [#0:1857, #1:1716, #2:1813]
- % 111111111111111
  -- 3 good. avg:1923 lum, [#0:1990, #1:1838, #2:1941]
---- Blue ----
- %               0
  -- 3 good. avg:0 lum, [#0:0, #1:0, #2:0]
- %               1
  -- 3 good. avg:31 lum, [#0:31, #1:31, #2:31]
- %              11
  -- 3 good. avg:64 lum, [#0:65, #1:64, #2:65]
- %             111
  -- 3 good. avg:100 lum, [#0:99, #1:96, #2:106]
- %            1111
  -- 3 good. avg:131 lum, [#0:133, #1:127, #2:135]
- %           11111
  -- 3 good. avg:165 lum, [#0:167, #1:160, #2:168]
- %          111111
  -- 3 good. avg:198 lum, [#0:200, #1:193, #2:201]
- %         1111111
  -- 3 good. avg:233 lum, [#0:236, #1:224, #2:240]
- %        11111111
  -- 3 good. avg:265 lum, [#0:270, #1:255, #2:272]
- %       111111111
  -- 3 good. avg:299 lum, [#0:303, #1:289, #2:305]
- %      1111111111
  -- 3 good. avg:334 lum, [#0:339, #1:320, #2:344]
- %     11111111111
  -- 3 good. avg:367 lum, [#0:372, #1:352, #2:377]
- %    111111111111
  -- 3 good. avg:400 lum, [#0:405, #1:385, #2:410]
- %   1111111111111
  -- 3 good. avg:435 lum, [#0:441, #1:417, #2:448]
- %  11111111111111
  -- 3 good. avg:468 lum, [#0:475, #1:449, #2:480]
- % 111111111111111
  -- 3 good. avg:500 lum, [#0:508, #1:480, #2:514]
---- White ----
- %               0
  -- 3 good. avg:0 lum, [#0:0, #1:0, #2:0]
- %               1
  -- 3 good. avg:234 lum, [#0:240, #1:225, #2:238]
- %              11
  -- 3 good. avg:471 lum, [#0:481, #1:455, #2:479]
- %             111
  -- 3 good. avg:706 lum, [#0:725, #1:676, #2:719]
- %            1111
  -- 3 good. avg:943 lum, [#0:967, #1:901, #2:963]
- %           11111
  -- 3 good. avg:1177 lum, [#0:1209, #1:1126, #2:1197]
- %          111111
  -- 3 good. avg:1415 lum, [#0:1451, #1:1355, #2:1439]
- %         1111111
  -- 3 good. avg:1653 lum, [#0:1695, #1:1582, #2:1683]
- %        11111111
  -- 3 good. avg:1891 lum, [#0:1937, #1:1807, #2:1930]
- %       111111111
  -- 3 good. avg:2126 lum, [#0:2179, #1:2030, #2:2169]
- %      1111111111
  -- 3 good. avg:2362 lum, [#0:2422, #1:2255, #2:2409]
- %     11111111111
  -- 3 good. avg:2593 lum, [#0:2662, #1:2477, #2:2642]
- %    111111111111
  -- 3 good. avg:2830 lum, [#0:2905, #1:2701, #2:2885]
- %   1111111111111
  -- 3 good. avg:3065 lum, [#0:3145, #1:2927, #2:3125]
- %  11111111111111
  -- 3 good. avg:3302 lum, [#0:3389, #1:3154, #2:3364]
- % 111111111111111
  -- 3 good. avg:3537 lum, [#0:3630, #1:3379, #2:3603]
---- Red ----
- %               0
  -- 3 good. avg:0 lum, [#0:0, #1:0, #2:0]
- %               1
  -- 3 good. avg:71 lum, [#0:72, #1:70, #2:71]
- %       100000001
  -- 3 good. avg:146 lum, [#0:148, #1:141, #2:150]
- %     10000100001
  -- 3 good. avg:222 lum, [#0:225, #1:213, #2:228]
- %   1000100010001
  -- 3 good. avg:294 lum, [#0:300, #1:284, #2:300]
- %  10010001001001
  -- 3 good. avg:370 lum, [#0:375, #1:355, #2:380]
- %  10010100100101
  -- 3 good. avg:444 lum, [#0:450, #1:426, #2:457]
- % 101010010100101
  -- 3 good. avg:518 lum, [#0:525, #1:495, #2:535]
- % 101010101010101
  -- 3 good. avg:591 lum, [#0:601, #1:566, #2:608]
- % 101010111010101
  -- 3 good. avg:666 lum, [#0:676, #1:637, #2:685]
- % 101110101011101
  -- 3 good. avg:741 lum, [#0:752, #1:708, #2:763]
- % 101110111011101
  -- 3 good. avg:813 lum, [#0:826, #1:778, #2:835]
- %1101110111011101
  -- 3 good. avg:888 lum, [#0:902, #1:849, #2:913]
- %1101110111111101
  -- 3 good. avg:962 lum, [#0:977, #1:919, #2:990]
- %1111110111111101
  -- 3 good. avg:1035 lum, [#0:1050, #1:989, #2:1068]
- %1101111111111111
  -- 3 good. avg:1108 lum, [#0:1125, #1:1059, #2:1140]
---- Green ----
- %               0
  -- 3 good. avg:0 lum, [#0:0, #1:0, #2:0]
- %               1
  -- 3 good. avg:126 lum, [#0:130, #1:122, #2:127]
- %       100000001
  -- 3 good. avg:254 lum, [#0:262, #1:246, #2:255]
- %     10000100001
  -- 3 good. avg:382 lum, [#0:395, #1:369, #2:383]
- %   1000100010001
  -- 3 good. avg:510 lum, [#0:528, #1:490, #2:512]
- %  10010001001001
  -- 3 good. avg:640 lum, [#0:662, #1:614, #2:646]
- %  10010100100101
  -- 3 good. avg:768 lum, [#0:795, #1:736, #2:775]
- % 101010010100101
  -- 3 good. avg:896 lum, [#0:927, #1:858, #2:904]
- % 101010101010101
  -- 3 good. avg:1024 lum, [#0:1060, #1:980, #2:1032]
- % 101010111010101
  -- 3 good. avg:1152 lum, [#0:1193, #1:1103, #2:1160]
- % 101110101011101
  -- 3 good. avg:1282 lum, [#0:1326, #1:1226, #2:1294]
- % 101110111011101
  -- 3 good. avg:1409 lum, [#0:1459, #1:1349, #2:1421]
- %1101110111011101
  -- 3 good. avg:1538 lum, [#0:1590, #1:1473, #2:1551]
- %1101110111111101
  -- 3 good. avg:1666 lum, [#0:1725, #1:1594, #2:1680]
- %1111110111111101
  -- 3 good. avg:1796 lum, [#0:1858, #1:1716, #2:1814]
- %1101111111111111
  -- 3 good. avg:1923 lum, [#0:1990, #1:1839, #2:1941]
---- Blue ----
- %               0
  -- 3 good. avg:0 lum, [#0:0, #1:0, #2:0]
- %               1
  -- 3 good. avg:30 lum, [#0:30, #1:31, #2:31]
- %       100000001
  -- 3 good. avg:64 lum, [#0:65, #1:64, #2:64]
- %     10000100001
  -- 3 good. avg:100 lum, [#0:98, #1:96, #2:106]
- %   1000100010001
  -- 3 good. avg:132 lum, [#0:133, #1:128, #2:135]
- %  10010001001001
  -- 3 good. avg:165 lum, [#0:167, #1:160, #2:169]
- %  10010100100101
  -- 3 good. avg:198 lum, [#0:200, #1:193, #2:201]
- % 101010010100101
  -- 3 good. avg:233 lum, [#0:235, #1:224, #2:240]
- % 101010101010101
  -- 3 good. avg:266 lum, [#0:270, #1:256, #2:273]
- % 101010111010101
  -- 3 good. avg:299 lum, [#0:304, #1:289, #2:305]
- % 101110101011101
  -- 3 good. avg:334 lum, [#0:339, #1:320, #2:344]
- % 101110111011101
  -- 3 good. avg:367 lum, [#0:372, #1:352, #2:377]
- %1101110111011101
  -- 3 good. avg:400 lum, [#0:405, #1:385, #2:410]
- %1101110111111101
  -- 3 good. avg:435 lum, [#0:440, #1:417, #2:448]
- %1111110111111101
  -- 3 good. avg:468 lum, [#0:475, #1:449, #2:481]
- %1101111111111111
  -- 3 good. avg:501 lum, [#0:508, #1:480, #2:515]
---- White ----
- %               0
  -- 3 good. avg:0 lum, [#0:0, #1:0, #2:0]
- %               1
  -- 3 good. avg:233 lum, [#0:240, #1:225, #2:236]
- %       100000001
  -- 3 good. avg:470 lum, [#0:482, #1:450, #2:479]
- %     10000100001
  -- 3 good. avg:706 lum, [#0:724, #1:679, #2:716]
- %   1000100010001
  -- 3 good. avg:945 lum, [#0:968, #1:905, #2:962]
- %  10010001001001
  -- 3 good. avg:1180 lum, [#0:1210, #1:1129, #2:1202]
- %  10010100100101
  -- 3 good. avg:1416 lum, [#0:1453, #1:1355, #2:1442]
- % 101010010100101
  -- 3 good. avg:1651 lum, [#0:1694, #1:1580, #2:1680]
- % 101010101010101
  -- 3 good. avg:1889 lum, [#0:1938, #1:1805, #2:1926]
- % 101010111010101
  -- 3 good. avg:2124 lum, [#0:2180, #1:2030, #2:2164]
- % 101110101011101
  -- 3 good. avg:2360 lum, [#0:2420, #1:2257, #2:2405]
- % 101110111011101
  -- 3 good. avg:2595 lum, [#0:2662, #1:2480, #2:2644]
- %1101110111011101
  -- 3 good. avg:2831 lum, [#0:2905, #1:2704, #2:2885]
- %1101110111111101
  -- 3 good. avg:3067 lum, [#0:3145, #1:2930, #2:3126]
- %1111110111111101
  -- 3 good. avg:3302 lum, [#0:3387, #1:3156, #2:3365]
- %1101111111111111
  -- 3 good. avg:3536 lum, [#0:3629, #1:3377, #2:3602]
---- Red ----
- %               0
  -- 3 good. avg:0 lum, [#0:0, #1:0, #2:0]
- %               1
  -- 3 good. avg:71 lum, [#0:72, #1:70, #2:71]
- %       100000001
  -- 3 good. avg:146 lum, [#0:148, #1:142, #2:149]
- %       100000011
  -- 3 good. avg:221 lum, [#0:224, #1:213, #2:228]
- %      1100000011
  -- 3 good. avg:295 lum, [#0:299, #1:285, #2:301]
- %      1100000111
  -- 3 good. avg:369 lum, [#0:375, #1:354, #2:378]
- %     11100000111
  -- 3 good. avg:444 lum, [#0:450, #1:426, #2:457]
- %     11100001111
  -- 3 good. avg:517 lum, [#0:525, #1:495, #2:533]
- %    111100001111
  -- 3 good. avg:591 lum, [#0:600, #1:566, #2:608]
- %    111100011111
  -- 3 good. avg:666 lum, [#0:676, #1:638, #2:684]
- %   1111100011111
  -- 3 good. avg:740 lum, [#0:752, #1:707, #2:763]
- %   1111100111111
  -- 3 good. avg:812 lum, [#0:826, #1:778, #2:834]
- %  11111100111111
  -- 3 good. avg:887 lum, [#0:901, #1:848, #2:912]
- %  11111101111111
  -- 3 good. avg:961 lum, [#0:976, #1:919, #2:990]
- % 111111101111111
  -- 3 good. avg:1034 lum, [#0:1050, #1:988, #2:1066]
- % 111111111111111
  -- 3 good. avg:1107 lum, [#0:1125, #1:1059, #2:1139]
---- Green ----
- %               0
  -- 3 good. avg:0 lum, [#0:0, #1:0, #2:0]
- %               1
  -- 3 good. avg:126 lum, [#0:130, #1:122, #2:127]
- %       100000001
  -- 3 good. avg:254 lum, [#0:262, #1:245, #2:255]
- %       100000011
  -- 3 good. avg:382 lum, [#0:395, #1:369, #2:384]
- %      1100000011
  -- 3 good. avg:510 lum, [#0:528, #1:490, #2:512]
- %      1100000111
  -- 3 good. avg:641 lum, [#0:661, #1:615, #2:648]
- %     11100000111
  -- 3 good. avg:767 lum, [#0:795, #1:735, #2:773]
- %     11100001111
  -- 3 good. avg:896 lum, [#0:926, #1:859, #2:905]
- %    111100001111
  -- 3 good. avg:1023 lum, [#0:1060, #1:980, #2:1030]
- %    111100011111
  -- 3 good. avg:1152 lum, [#0:1193, #1:1103, #2:1160]
- %   1111100011111
  -- 3 good. avg:1282 lum, [#0:1325, #1:1227, #2:1295]
- %   1111100111111
  -- 3 good. avg:1411 lum, [#0:1458, #1:1350, #2:1425]
- %  11111100111111
  -- 3 good. avg:1537 lum, [#0:1590, #1:1472, #2:1551]
- %  11111101111111
  -- 3 good. avg:1666 lum, [#0:1725, #1:1595, #2:1679]
- % 111111101111111
  -- 3 good. avg:1795 lum, [#0:1858, #1:1715, #2:1813]
- % 111111111111111
  -- 3 good. avg:1924 lum, [#0:1990, #1:1840, #2:1942]
---- Blue ----
- %               0
  -- 3 good. avg:0 lum, [#0:0, #1:0, #2:0]
- %               1
  -- 3 good. avg:31 lum, [#0:31, #1:31, #2:31]
- %       100000001
  -- 3 good. avg:65 lum, [#0:65, #1:65, #2:65]
- %       100000011
  -- 3 good. avg:100 lum, [#0:98, #1:96, #2:106]
- %      1100000011
  -- 3 good. avg:132 lum, [#0:134, #1:128, #2:135]
- %      1100000111
  -- 3 good. avg:165 lum, [#0:167, #1:160, #2:169]
- %     11100000111
  -- 3 good. avg:198 lum, [#0:200, #1:193, #2:201]
- %     11100001111
  -- 3 good. avg:233 lum, [#0:236, #1:224, #2:240]
- %    111100001111
  -- 3 good. avg:266 lum, [#0:270, #1:256, #2:273]
- %    111100011111
  -- 3 good. avg:299 lum, [#0:304, #1:288, #2:305]
- %   1111100011111
  -- 3 good. avg:334 lum, [#0:338, #1:320, #2:345]
- %   1111100111111
  -- 3 good. avg:367 lum, [#0:372, #1:352, #2:377]
- %  11111100111111
  -- 3 good. avg:400 lum, [#0:405, #1:385, #2:410]
- %  11111101111111
  -- 3 good. avg:435 lum, [#0:441, #1:417, #2:448]
- % 111111101111111
  -- 3 good. avg:468 lum, [#0:475, #1:449, #2:481]
- % 111111111111111
  -- 3 good. avg:501 lum, [#0:509, #1:481, #2:515]
---- White ----
- %               0
  -- 3 good. avg:0 lum, [#0:0, #1:0, #2:0]
- %               1
  -- 3 good. avg:234 lum, [#0:240, #1:225, #2:238]
- %       100000001
  -- 3 good. avg:469 lum, [#0:483, #1:450, #2:476]
- %       100000011
  -- 3 good. avg:706 lum, [#0:724, #1:676, #2:719]
- %      1100000011
  -- 3 good. avg:944 lum, [#0:969, #1:903, #2:960]
- %      1100000111
  -- 3 good. avg:1180 lum, [#0:1209, #1:1128, #2:1203]
- %     11100000111
  -- 3 good. avg:1416 lum, [#0:1451, #1:1355, #2:1444]
- %     11100001111
  -- 3 good. avg:1652 lum, [#0:1693, #1:1582, #2:1681]
- %    111100001111
  -- 3 good. avg:1889 lum, [#0:1938, #1:1807, #2:1922]
- %    111100011111
  -- 3 good. avg:2122 lum, [#0:2179, #1:2027, #2:2160]
- %   1111100011111
  -- 3 good. avg:2358 lum, [#0:2420, #1:2252, #2:2403]
- %   1111100111111
  -- 3 good. avg:2595 lum, [#0:2661, #1:2481, #2:2645]
- %  11111100111111
  -- 3 good. avg:2833 lum, [#0:2905, #1:2707, #2:2888]
- %  11111101111111
  -- 3 good. avg:3067 lum, [#0:3145, #1:2931, #2:3125]
- % 111111101111111
  -- 3 good. avg:3301 lum, [#0:3387, #1:3155, #2:3363]
- % 111111111111111
  -- 3 good. avg:3535 lum, [#0:3628, #1:3377, #2:3601]
